<?xml version="1.0" encoding="UTF-8"?>
<!-- Generated by org.testng.reporters.JUnitXMLReporter -->
<testsuite hostname="WINCTRL-TJMA359" name="Test" tests="11" failures="1" timestamp="6 Jun 2020 03:59:44 GMT" time="8.394" errors="0">
  <testcase name="validatehrmTitleLogo" time="0.089" classname="com.orangehrm.testCases.LoginPageTest"/>
  <testcase name="validateuserCredsTextLine" time="0.178" classname="com.orangehrm.testCases.LoginPageTest">
    <failure type="org.openqa.selenium.NoSuchElementException" message="no such element: Unable to locate element: {&amp;quot;method&amp;quot;:&amp;quot;css selector&amp;quot;,&amp;quot;selector&amp;quot;:&amp;quot;div#content&amp;gt;:nth-child(3)&amp;gt;span1&amp;quot;}
  (Session info: chrome=83.0.4103.97)
For documentation on this error, please visit: https://www.seleniumhq.org/exceptions/no_such_element.html
Build info: version: &amp;apos;3.141.59&amp;apos;, revision: &amp;apos;e82be7d358&amp;apos;, time: &amp;apos;2018-11-14T08:17:03&amp;apos;
System info: host: &amp;apos;WINCTRL-TJMA359&amp;apos;, ip: &amp;apos;192.168.1.5&amp;apos;, os.name: &amp;apos;Windows 8.1&amp;apos;, os.arch: &amp;apos;amd64&amp;apos;, os.version: &amp;apos;6.3&amp;apos;, java.version: &amp;apos;1.8.0_251&amp;apos;
Driver info: org.openqa.selenium.chrome.ChromeDriver
Capabilities {acceptInsecureCerts: false, browserName: chrome, browserVersion: 83.0.4103.97, chrome: {chromedriverVersion: 83.0.4103.39 (ccbf011cb2d2b..., userDataDir: C:\Users\hp\AppData\Local\T...}, goog:chromeOptions: {debuggerAddress: localhost:58312}, javascriptEnabled: true, networkConnectionEnabled: false, pageLoadStrategy: normal, platform: WINDOWS, platformName: WINDOWS, proxy: Proxy(), setWindowRect: true, strictFileInteractability: false, timeouts: {implicit: 0, pageLoad: 300000, script: 30000}, unhandledPromptBehavior: dismiss and notify, webauthn:virtualAuthenticators: true}
Session ID: 4eb00020db92aca703f86b15bbe15194
*** Element info: {Using=css selector, value=div#content&amp;gt;:nth-child(3)&amp;gt;span1}">
      <![CDATA[org.openqa.selenium.NoSuchElementException: no such element: Unable to locate element: {"method":"css selector","selector":"div#content>:nth-child(3)>span1"}
  (Session info: chrome=83.0.4103.97)
For documentation on this error, please visit: https://www.seleniumhq.org/exceptions/no_such_element.html
Build info: version: '3.141.59', revision: 'e82be7d358', time: '2018-11-14T08:17:03'
System info: host: 'WINCTRL-TJMA359', ip: '192.168.1.5', os.name: 'Windows 8.1', os.arch: 'amd64', os.version: '6.3', java.version: '1.8.0_251'
Driver info: org.openqa.selenium.chrome.ChromeDriver
Capabilities {acceptInsecureCerts: false, browserName: chrome, browserVersion: 83.0.4103.97, chrome: {chromedriverVersion: 83.0.4103.39 (ccbf011cb2d2b..., userDataDir: C:\Users\hp\AppData\Local\T...}, goog:chromeOptions: {debuggerAddress: localhost:58312}, javascriptEnabled: true, networkConnectionEnabled: false, pageLoadStrategy: normal, platform: WINDOWS, platformName: WINDOWS, proxy: Proxy(), setWindowRect: true, strictFileInteractability: false, timeouts: {implicit: 0, pageLoad: 300000, script: 30000}, unhandledPromptBehavior: dismiss and notify, webauthn:virtualAuthenticators: true}
Session ID: 4eb00020db92aca703f86b15bbe15194
*** Element info: {Using=css selector, value=div#content>:nth-child(3)>span1}
	at org.openqa.selenium.remote.http.W3CHttpResponseCodec.createException(W3CHttpResponseCodec.java:187)
	at org.openqa.selenium.remote.http.W3CHttpResponseCodec.decode(W3CHttpResponseCodec.java:122)
	at org.openqa.selenium.remote.http.W3CHttpResponseCodec.decode(W3CHttpResponseCodec.java:49)
	at org.openqa.selenium.remote.HttpCommandExecutor.execute(HttpCommandExecutor.java:158)
	at org.openqa.selenium.remote.service.DriverCommandExecutor.execute(DriverCommandExecutor.java:83)
	at org.openqa.selenium.remote.RemoteWebDriver.execute(RemoteWebDriver.java:552)
	at org.openqa.selenium.remote.RemoteWebDriver.findElement(RemoteWebDriver.java:323)
	at org.openqa.selenium.remote.RemoteWebDriver.findElementByCssSelector(RemoteWebDriver.java:420)
	at org.openqa.selenium.By$ByCssSelector.findElement(By.java:431)
	at org.openqa.selenium.remote.RemoteWebDriver.findElement(RemoteWebDriver.java:315)
	at org.openqa.selenium.support.pagefactory.DefaultElementLocator.findElement(DefaultElementLocator.java:69)
	at org.openqa.selenium.support.pagefactory.internal.LocatingElementHandler.invoke(LocatingElementHandler.java:38)
	at com.sun.proxy.$Proxy26.isDisplayed(Unknown Source)
	at com.orangehrm.pageObjects.LoginPageObject.validateuserCredsTextLine(LoginPageObject.java:73)
	at com.orangehrm.testCases.LoginPageTest.validateuserCredsTextLine(LoginPageTest.java:54)
... Removed 28 stack frames]]>
    </failure>
  </testcase> <!-- validateuserCredsTextLine -->
  <testcase name="validatehrmCircularLogo" time="0.042" classname="com.orangehrm.testCases.LoginPageTest"/>
  <testcase name="validatelogInPanelHeading" time="0.055" classname="com.orangehrm.testCases.LoginPageTest"/>
  <testcase name="validateuserNameInput" time="0.042" classname="com.orangehrm.testCases.LoginPageTest"/>
  <testcase name="validateuserNameInputLogo" time="0.03" classname="com.orangehrm.testCases.LoginPageTest"/>
  <testcase name="validatepasswordInput" time="0.038" classname="com.orangehrm.testCases.LoginPageTest"/>
  <testcase name="validatepasswordInputLogo" time="0.029" classname="com.orangehrm.testCases.LoginPageTest"/>
  <testcase name="validateloginButton" time="0.049" classname="com.orangehrm.testCases.LoginPageTest"/>
  <testcase name="validateforgetPasswordLink" time="0.046" classname="com.orangehrm.testCases.LoginPageTest"/>
  <testcase name="validateValidUserLoginFunctionality" time="1.836" classname="com.orangehrm.testCases.LoginPageTest"/>
</testsuite> <!-- Test -->
